<?xml version="1.0" encoding="UTF-8"?>
<!-- Generated by org.testng.reporters.JUnitReportReporter -->
<testsuite hostname="DESKTOP-3VJKNS8" failures="0" tests="1" name="testcases.AddProduct" time="29.596" errors="0" timestamp="2022-01-08T16:27:36 IST" skipped="0">
  <testcase classname="testcases.AddProduct" name="adddProduct" time="29.596"/>
  <system-out/>
</testsuite> <!-- testcases.AddProduct -->
