<?xml version="1.0" encoding="UTF-8"?>
<!-- Generated by org.testng.reporters.JUnitReportReporter -->
<testsuite hostname="DESKTOP-3VJKNS8" failures="0" tests="1" name="AddProduct" time="27.916" errors="0" timestamp="2022-01-07T12:32:42 IST" skipped="0">
  <testcase classname="AddProduct" name="adddingInvoice" time="27.916"/>
  <system-out/>
</testsuite> <!-- AddProduct -->
